<?xml version="1.0" encoding="UTF-8"?>
<testsuite xmlns:xsi="http://www.w3.org/2001/XMLSchema-instance" xsi:noNamespaceSchemaLocation="https://maven.apache.org/surefire/maven-surefire-plugin/xsd/surefire-test-report.xsd" name="introjunit.src.main.java.com.junitexample.ParameterizedExampleTest" time="0.111" tests="3" errors="0" skipped="0" failures="0">
  <properties>
[...]
</properties>
  <testcase name="testIsPalindrome{String}[1]" classname="introjunit.src.main.java.com.junitexample.ParameterizedExampleTest" time="0.063"/>
  <testcase name="testIsPalindrome{String}[2]" classname="introjunit.src.main.java.com.junitexample.ParameterizedExampleTest" time="0"/>
  <testcase name="testIsPalindrome{String}[3]" classname="introjunit.src.main.java.com.junitexample.ParameterizedExampleTest" time="0"/>
</testsuite>